{
  "RSpec": {
    "coverage": {
      "/Users/north/Dropbox/makersAcademy/week6/MakersBnb/spec/feature/home_spec.rb": [
        1,
        1,
        1,
        1,
        null,
        null,
        null,
        1,
        1,
        1,
        1,
        1,
        null,
        null
      ],
      "/Users/north/Dropbox/makersAcademy/week6/MakersBnb/spec/property_spec.rb": [
        1,
        1,
        null,
        1,
        null,
        6,
        null,
        1,
        1,
        null,
        null,
        1,
        1,
        null,
        null,
        1,
        1,
        null,
        null,
        1,
        1,
        null,
        null,
        1,
        1,
        null,
        null,
        null,
        null,
        null
      ],
      "/Users/north/Dropbox/makersAcademy/week6/MakersBnb/lib/property.rb": [
        1,
        1,
        null,
        1,
        null,
        1,
        null,
        1,
        5,
        5,
        5,
        5,
        5,
        null,
        null,
        1,
        0,
        0,
        null,
        null,
        1,
        0,
        0,
        0,
        null,
        null,
        null,
        null,
        null,
        null,
        null,
        null,
        null,
        null
      ],
      "/Users/north/Dropbox/makersAcademy/week6/MakersBnb/lib/database.rb": [
        1,
        null,
        1,
        0,
        0,
        null,
        0,
        null,
        null,
        null,
        null,
        null
      ]
    },
    "timestamp": 1524750925
  }
}
